[ 2016-11-04T16:56:48+08:00 ] 127.0.0.1 /jimson/index.php/admin/login/login.html
INFO: [ app_init ] --START--
INFO: Run Behavior\BuildLiteBehavior [ RunTime:0.000025s ]
INFO: [ app_init ] --END-- [ RunTime:0.000606s ]
INFO: [ app_begin ] --START--
INFO: Run Behavior\ReadHtmlCacheBehavior [ RunTime:0.002360s ]
INFO: [ app_begin ] --END-- [ RunTime:0.002517s ]
INFO: [ view_parse ] --START--
INFO: [ template_filter ] --START--
INFO: Run Behavior\ContentReplaceBehavior [ RunTime:0.000080s ]
INFO: [ template_filter ] --END-- [ RunTime:0.000185s ]
INFO: Run Behavior\ParseTemplateBehavior [ RunTime:0.010331s ]
INFO: [ view_parse ] --END-- [ RunTime:0.010434s ]
INFO: [ view_filter ] --START--
INFO: Run Behavior\WriteHtmlCacheBehavior [ RunTime:0.001198s ]
INFO: [ view_filter ] --END-- [ RunTime:0.001290s ]
INFO: [ app_end ] --START--
INFO: Run Behavior\ShowPageTraceBehavior [ RunTime:0.001038s ]
INFO: [ app_end ] --END-- [ RunTime:0.001138s ]

[ 2016-11-04T16:56:48+08:00 ] 127.0.0.1 /jimson/index.php/Admin/Login/verify.html
INFO: [ app_init ] --START--
INFO: Run Behavior\BuildLiteBehavior [ RunTime:0.000036s ]
INFO: [ app_init ] --END-- [ RunTime:0.000625s ]
INFO: [ app_begin ] --START--
INFO: Run Behavior\ReadHtmlCacheBehavior [ RunTime:0.000995s ]
INFO: [ app_begin ] --END-- [ RunTime:0.001123s ]
INFO: [ app_end ] --START--
INFO: Run Behavior\ShowPageTraceBehavior [ RunTime:0.001659s ]
INFO: [ app_end ] --END-- [ RunTime:0.001846s ]

[ 2016-11-04T16:57:21+08:00 ] 127.0.0.1 /jimson/index.php/Admin/Login/verify.html?
INFO: [ app_init ] --START--
INFO: Run Behavior\BuildLiteBehavior [ RunTime:0.000031s ]
INFO: [ app_init ] --END-- [ RunTime:0.000992s ]
INFO: [ app_begin ] --START--
INFO: Run Behavior\ReadHtmlCacheBehavior [ RunTime:0.001665s ]
INFO: [ app_begin ] --END-- [ RunTime:0.001844s ]
INFO: [ app_end ] --START--
INFO: Run Behavior\ShowPageTraceBehavior [ RunTime:0.002126s ]
INFO: [ app_end ] --END-- [ RunTime:0.002234s ]

[ 2016-11-04T16:57:21+08:00 ] 127.0.0.1 /jimson/index.php/Admin/Login/verify.html??
INFO: [ app_init ] --START--
INFO: Run Behavior\BuildLiteBehavior [ RunTime:0.000022s ]
INFO: [ app_init ] --END-- [ RunTime:0.000772s ]
INFO: [ app_begin ] --START--
INFO: Run Behavior\ReadHtmlCacheBehavior [ RunTime:0.001273s ]
INFO: [ app_begin ] --END-- [ RunTime:0.001367s ]
INFO: [ app_end ] --START--
INFO: Run Behavior\ShowPageTraceBehavior [ RunTime:0.001273s ]
INFO: [ app_end ] --END-- [ RunTime:0.001371s ]

[ 2016-11-04T16:57:22+08:00 ] 127.0.0.1 /jimson/index.php/Admin/Login/verify.html???
INFO: [ app_init ] --START--
INFO: Run Behavior\BuildLiteBehavior [ RunTime:0.000022s ]
INFO: [ app_init ] --END-- [ RunTime:0.000576s ]
INFO: [ app_begin ] --START--
INFO: Run Behavior\ReadHtmlCacheBehavior [ RunTime:0.001209s ]
INFO: [ app_begin ] --END-- [ RunTime:0.001301s ]
INFO: [ app_end ] --START--
INFO: Run Behavior\ShowPageTraceBehavior [ RunTime:0.001444s ]
INFO: [ app_end ] --END-- [ RunTime:0.001548s ]

[ 2016-11-04T16:57:22+08:00 ] 127.0.0.1 /jimson/index.php/Admin/Login/verify.html????
INFO: [ app_init ] --START--
INFO: Run Behavior\BuildLiteBehavior [ RunTime:0.000023s ]
INFO: [ app_init ] --END-- [ RunTime:0.000708s ]
INFO: [ app_begin ] --START--
INFO: Run Behavior\ReadHtmlCacheBehavior [ RunTime:0.001302s ]
INFO: [ app_begin ] --END-- [ RunTime:0.001427s ]
INFO: [ app_end ] --START--
INFO: Run Behavior\ShowPageTraceBehavior [ RunTime:0.001537s ]
INFO: [ app_end ] --END-- [ RunTime:0.002430s ]

[ 2016-11-04T16:57:24+08:00 ] 127.0.0.1 /jimson/index.php/Admin/Login/verify.html?????
INFO: [ app_init ] --START--
INFO: Run Behavior\BuildLiteBehavior [ RunTime:0.000022s ]
INFO: [ app_init ] --END-- [ RunTime:0.000555s ]
INFO: [ app_begin ] --START--
INFO: Run Behavior\ReadHtmlCacheBehavior [ RunTime:0.001225s ]
INFO: [ app_begin ] --END-- [ RunTime:0.001321s ]
INFO: [ app_end ] --START--
INFO: Run Behavior\ShowPageTraceBehavior [ RunTime:0.001261s ]
INFO: [ app_end ] --END-- [ RunTime:0.001354s ]

[ 2016-11-04T16:57:24+08:00 ] 127.0.0.1 /jimson/index.php/Admin/Login/verify.html??????
INFO: [ app_init ] --START--
INFO: Run Behavior\BuildLiteBehavior [ RunTime:0.000033s ]
INFO: [ app_init ] --END-- [ RunTime:0.000775s ]
INFO: [ app_begin ] --START--
INFO: Run Behavior\ReadHtmlCacheBehavior [ RunTime:0.001577s ]
INFO: [ app_begin ] --END-- [ RunTime:0.001683s ]
INFO: [ app_end ] --START--
INFO: Run Behavior\ShowPageTraceBehavior [ RunTime:0.001400s ]
INFO: [ app_end ] --END-- [ RunTime:0.001504s ]

[ 2016-11-04T16:57:25+08:00 ] 127.0.0.1 /jimson/index.php/Admin/Login/verify.html???????
INFO: [ app_init ] --START--
INFO: Run Behavior\BuildLiteBehavior [ RunTime:0.000027s ]
INFO: [ app_init ] --END-- [ RunTime:0.000752s ]
INFO: [ app_begin ] --START--
INFO: Run Behavior\ReadHtmlCacheBehavior [ RunTime:0.001552s ]
INFO: [ app_begin ] --END-- [ RunTime:0.001669s ]
INFO: [ app_end ] --START--
INFO: Run Behavior\ShowPageTraceBehavior [ RunTime:0.001391s ]
INFO: [ app_end ] --END-- [ RunTime:0.001494s ]

[ 2016-11-04T16:57:32+08:00 ] 127.0.0.1 /jimson/index.php/Admin/Login/login.html
INFO: [ app_init ] --START--
INFO: Run Behavior\BuildLiteBehavior [ RunTime:0.000026s ]
INFO: [ app_init ] --END-- [ RunTime:0.000620s ]
INFO: [ app_begin ] --START--
INFO: Run Behavior\ReadHtmlCacheBehavior [ RunTime:0.001288s ]
INFO: [ app_begin ] --END-- [ RunTime:0.001392s ]
ERR: SQLSTATE[HY000] [1045] Access denied for user '20014_fF9444'@'localhost' (using password: YES)

[ 2016-11-04T16:57:33+08:00 ] 127.0.0.1 /jimson/index.php/Admin/Login/login.html
INFO: [ app_init ] --START--
INFO: Run Behavior\BuildLiteBehavior [ RunTime:0.000022s ]
INFO: [ app_init ] --END-- [ RunTime:0.000555s ]
INFO: [ app_begin ] --START--
INFO: Run Behavior\ReadHtmlCacheBehavior [ RunTime:0.001322s ]
INFO: [ app_begin ] --END-- [ RunTime:0.001415s ]
ERR: SQLSTATE[HY000] [1045] Access denied for user '20014_fF9444'@'localhost' (using password: YES)

[ 2016-11-04T16:57:34+08:00 ] 127.0.0.1 /jimson/index.php/Admin/Login/login.html
INFO: [ app_init ] --START--
INFO: Run Behavior\BuildLiteBehavior [ RunTime:0.000022s ]
INFO: [ app_init ] --END-- [ RunTime:0.000452s ]
INFO: [ app_begin ] --START--
INFO: Run Behavior\ReadHtmlCacheBehavior [ RunTime:0.000562s ]
INFO: [ app_begin ] --END-- [ RunTime:0.000641s ]
ERR: SQLSTATE[HY000] [1045] Access denied for user '20014_fF9444'@'localhost' (using password: YES)

[ 2016-11-04T16:57:39+08:00 ] 127.0.0.1 /jimson/index.php/Admin/Login/login.html
INFO: [ app_init ] --START--
INFO: Run Behavior\BuildLiteBehavior [ RunTime:0.000022s ]
INFO: [ app_init ] --END-- [ RunTime:0.000502s ]
INFO: [ app_begin ] --START--
INFO: Run Behavior\ReadHtmlCacheBehavior [ RunTime:0.000597s ]
INFO: [ app_begin ] --END-- [ RunTime:0.000678s ]
ERR: SQLSTATE[HY000] [1045] Access denied for user '20014_fF9444'@'localhost' (using password: YES)

[ 2016-11-04T17:01:43+08:00 ] 127.0.0.1 /jimson/index.php/admin/login/login.html
INFO: [ app_init ] --START--
INFO: Run Behavior\BuildLiteBehavior [ RunTime:0.000025s ]
INFO: [ app_init ] --END-- [ RunTime:0.000736s ]
INFO: [ app_begin ] --START--
INFO: Run Behavior\ReadHtmlCacheBehavior [ RunTime:0.001090s ]
INFO: [ app_begin ] --END-- [ RunTime:0.001249s ]
INFO: [ view_parse ] --START--
INFO: [ template_filter ] --START--
INFO: Run Behavior\ContentReplaceBehavior [ RunTime:0.000081s ]
INFO: [ template_filter ] --END-- [ RunTime:0.000178s ]
INFO: Run Behavior\ParseTemplateBehavior [ RunTime:0.011097s ]
INFO: [ view_parse ] --END-- [ RunTime:0.011316s ]
INFO: [ view_filter ] --START--
INFO: Run Behavior\WriteHtmlCacheBehavior [ RunTime:0.002130s ]
INFO: [ view_filter ] --END-- [ RunTime:0.002238s ]
INFO: [ app_end ] --START--
INFO: Run Behavior\ShowPageTraceBehavior [ RunTime:0.001163s ]
INFO: [ app_end ] --END-- [ RunTime:0.001304s ]

[ 2016-11-04T17:01:43+08:00 ] 127.0.0.1 /jimson/index.php/Admin/Login/verify.html
INFO: [ app_init ] --START--
INFO: Run Behavior\BuildLiteBehavior [ RunTime:0.000034s ]
INFO: [ app_init ] --END-- [ RunTime:0.000868s ]
INFO: [ app_begin ] --START--
INFO: Run Behavior\ReadHtmlCacheBehavior [ RunTime:0.000982s ]
INFO: [ app_begin ] --END-- [ RunTime:0.001104s ]
INFO: [ app_end ] --START--
INFO: Run Behavior\ShowPageTraceBehavior [ RunTime:0.001059s ]
INFO: [ app_end ] --END-- [ RunTime:0.001180s ]

[ 2016-11-04T17:02:18+08:00 ] 127.0.0.1 /jimson/index.php/admin/login/login.html
INFO: [ app_init ] --START--
INFO: Run Behavior\BuildLiteBehavior [ RunTime:0.000026s ]
INFO: [ app_init ] --END-- [ RunTime:0.000644s ]
INFO: [ app_begin ] --START--
INFO: Run Behavior\ReadHtmlCacheBehavior [ RunTime:0.001019s ]
INFO: [ app_begin ] --END-- [ RunTime:0.001176s ]
INFO: [ view_parse ] --START--
INFO: [ template_filter ] --START--
INFO: Run Behavior\ContentReplaceBehavior [ RunTime:0.000075s ]
INFO: [ template_filter ] --END-- [ RunTime:0.000188s ]
INFO: Run Behavior\ParseTemplateBehavior [ RunTime:0.016703s ]
INFO: [ view_parse ] --END-- [ RunTime:0.016796s ]
INFO: [ view_filter ] --START--
INFO: Run Behavior\WriteHtmlCacheBehavior [ RunTime:0.000731s ]
INFO: [ view_filter ] --END-- [ RunTime:0.000805s ]
INFO: [ app_end ] --START--
INFO: Run Behavior\ShowPageTraceBehavior [ RunTime:0.000845s ]
INFO: [ app_end ] --END-- [ RunTime:0.000926s ]

[ 2016-11-04T17:02:18+08:00 ] 127.0.0.1 /jimson/index.php/Admin/Login/verify.html
INFO: [ app_init ] --START--
INFO: Run Behavior\BuildLiteBehavior [ RunTime:0.000029s ]
INFO: [ app_init ] --END-- [ RunTime:0.007421s ]
INFO: [ app_begin ] --START--
INFO: Run Behavior\ReadHtmlCacheBehavior [ RunTime:0.003734s ]
INFO: [ app_begin ] --END-- [ RunTime:0.003936s ]
INFO: [ app_end ] --START--
INFO: Run Behavior\ShowPageTraceBehavior [ RunTime:0.001148s ]
INFO: [ app_end ] --END-- [ RunTime:0.001268s ]

[ 2016-11-04T17:02:20+08:00 ] 127.0.0.1 /jimson/index.php/Admin/Login/verify.html?
INFO: [ app_init ] --START--
INFO: Run Behavior\BuildLiteBehavior [ RunTime:0.000023s ]
INFO: [ app_init ] --END-- [ RunTime:0.000477s ]
INFO: [ app_begin ] --START--
INFO: Run Behavior\ReadHtmlCacheBehavior [ RunTime:0.000602s ]
INFO: [ app_begin ] --END-- [ RunTime:0.000711s ]
INFO: [ app_end ] --START--
INFO: Run Behavior\ShowPageTraceBehavior [ RunTime:0.000668s ]
INFO: [ app_end ] --END-- [ RunTime:0.000779s ]

[ 2016-11-04T17:02:21+08:00 ] 127.0.0.1 /jimson/index.php/Admin/Login/verify.html??
INFO: [ app_init ] --START--
INFO: Run Behavior\BuildLiteBehavior [ RunTime:0.000024s ]
INFO: [ app_init ] --END-- [ RunTime:0.000488s ]
INFO: [ app_begin ] --START--
INFO: Run Behavior\ReadHtmlCacheBehavior [ RunTime:0.000669s ]
INFO: [ app_begin ] --END-- [ RunTime:0.000789s ]
INFO: [ app_end ] --START--
INFO: Run Behavior\ShowPageTraceBehavior [ RunTime:0.000658s ]
INFO: [ app_end ] --END-- [ RunTime:0.000759s ]

[ 2016-11-04T17:02:22+08:00 ] 127.0.0.1 /jimson/index.php/Admin/Login/verify.html???
INFO: [ app_init ] --START--
INFO: Run Behavior\BuildLiteBehavior [ RunTime:0.000023s ]
INFO: [ app_init ] --END-- [ RunTime:0.000487s ]
INFO: [ app_begin ] --START--
INFO: Run Behavior\ReadHtmlCacheBehavior [ RunTime:0.000575s ]
INFO: [ app_begin ] --END-- [ RunTime:0.000677s ]
INFO: [ app_end ] --START--
INFO: Run Behavior\ShowPageTraceBehavior [ RunTime:0.001374s ]
INFO: [ app_end ] --END-- [ RunTime:0.001557s ]

[ 2016-11-04T17:02:28+08:00 ] 127.0.0.1 /jimson/index.php/Admin/Login/login.html
INFO: [ app_init ] --START--
INFO: Run Behavior\BuildLiteBehavior [ RunTime:0.000022s ]
INFO: [ app_init ] --END-- [ RunTime:0.000447s ]
INFO: [ app_begin ] --START--
INFO: Run Behavior\ReadHtmlCacheBehavior [ RunTime:0.000572s ]
INFO: [ app_begin ] --END-- [ RunTime:0.000652s ]
SQL: SHOW COLUMNS FROM `jm_admin` [ RunTime:0.0057s ]
SQL: SELECT * FROM `jm_admin` WHERE `name` = 'admin' AND `pass` = '123456' LIMIT 1   [ RunTime:0.0051s ]

[ 2016-11-04T17:02:29+08:00 ] 127.0.0.1 /jimson/index.php/Admin/Index/index.html
INFO: [ app_init ] --START--
INFO: Run Behavior\BuildLiteBehavior [ RunTime:0.000025s ]
INFO: [ app_init ] --END-- [ RunTime:0.000797s ]
INFO: [ app_begin ] --START--
INFO: Run Behavior\ReadHtmlCacheBehavior [ RunTime:0.000757s ]
INFO: [ app_begin ] --END-- [ RunTime:0.000881s ]
SQL: SHOW COLUMNS FROM `jm_admin` [ RunTime:0.0050s ]
SQL: SHOW COLUMNS FROM `jm_power` [ RunTime:0.0051s ]
SQL: SELECT power.power AS power FROM jm_admin admin  JOIN jm_power power ON admin.p_id=power.ID WHERE ( admin.ID=1 ) LIMIT 1   [ RunTime:0.0004s ]
NOTIC: [8] Use of undefined constant power - assumed 'power' E:\wamp\www\Jimson\Application\Admin\Controller\IndexController.class.php 第 14 行.
INFO: [ view_parse ] --START--
INFO: [ template_filter ] --START--
INFO: Run Behavior\ContentReplaceBehavior [ RunTime:0.000145s ]
INFO: [ template_filter ] --END-- [ RunTime:0.000407s ]
INFO: Run Behavior\ParseTemplateBehavior [ RunTime:0.014752s ]
INFO: [ view_parse ] --END-- [ RunTime:0.014852s ]
INFO: [ view_filter ] --START--
INFO: Run Behavior\WriteHtmlCacheBehavior [ RunTime:0.000862s ]
INFO: [ view_filter ] --END-- [ RunTime:0.000944s ]
INFO: [ app_end ] --START--
INFO: Run Behavior\ShowPageTraceBehavior [ RunTime:0.000586s ]
INFO: [ app_end ] --END-- [ RunTime:0.000662s ]

[ 2016-11-04T17:08:56+08:00 ] 127.0.0.1 /jimson/index.php/Admin/Product/product.html
INFO: [ app_init ] --START--
INFO: Run Behavior\BuildLiteBehavior [ RunTime:0.000023s ]
INFO: [ app_init ] --END-- [ RunTime:0.000600s ]
INFO: [ app_begin ] --START--
INFO: Run Behavior\ReadHtmlCacheBehavior [ RunTime:0.000960s ]
INFO: [ app_begin ] --END-- [ RunTime:0.001076s ]
SQL: SHOW COLUMNS FROM `jm_product` [ RunTime:0.0054s ]
SQL: SELECT COUNT(*) AS tp_count FROM `jm_product` LIMIT 1   [ RunTime:0.0093s ]
SQL: SELECT * FROM `jm_product` ORDER BY ID desc LIMIT 0,2   [ RunTime:0.0018s ]
SQL: SHOW COLUMNS FROM `jm_procate` [ RunTime:0.0070s ]
SQL: SELECT product.ID AS ID,product.po_id AS po_id,product.name AS name,product.img1 AS img1,product.img2 AS img2,product.img3 AS img3,product.pro_price AS pro_price,product.p_size AS p_size,product.p_color1 AS p_color1,product.p_color2 AS p_color2,product.color_img1 AS color_img1,product.color_img2 AS color_img2,product.p_introduce AS p_introduce,product.p_source AS p_source,procate.p_id AS p_id,procate.name AS p_name FROM jm_product product  JOIN jm_procate procate ON product.po_id=procate.ID  [ RunTime:0.0156s ]
INFO: [ view_parse ] --START--
INFO: [ template_filter ] --START--
INFO: Run Behavior\ContentReplaceBehavior [ RunTime:0.000087s ]
INFO: [ template_filter ] --END-- [ RunTime:0.000175s ]
INFO: Run Behavior\ParseTemplateBehavior [ RunTime:0.014486s ]
INFO: [ view_parse ] --END-- [ RunTime:0.014582s ]
INFO: [ view_filter ] --START--
INFO: Run Behavior\WriteHtmlCacheBehavior [ RunTime:0.000896s ]
INFO: [ view_filter ] --END-- [ RunTime:0.000974s ]
INFO: [ app_end ] --START--
INFO: Run Behavior\ShowPageTraceBehavior [ RunTime:0.000813s ]
INFO: [ app_end ] --END-- [ RunTime:0.000889s ]

[ 2016-11-04T17:08:58+08:00 ] 127.0.0.1 /jimson/index.php/Admin/Product/edit/id/8.html
INFO: [ app_init ] --START--
INFO: Run Behavior\BuildLiteBehavior [ RunTime:0.000040s ]
INFO: [ app_init ] --END-- [ RunTime:0.001001s ]
INFO: [ app_begin ] --START--
INFO: Run Behavior\ReadHtmlCacheBehavior [ RunTime:0.001139s ]
INFO: [ app_begin ] --END-- [ RunTime:0.001282s ]
SQL: SHOW COLUMNS FROM `jm_procate` [ RunTime:0.0042s ]
SQL: SHOW COLUMNS FROM `jm_procate` [ RunTime:0.0043s ]
SQL: SELECT * FROM `jm_procate` WHERE ( p_id=0 ) ORDER BY ID desc  [ RunTime:0.0005s ]
SQL: SHOW COLUMNS FROM `jm_product` [ RunTime:0.0059s ]
SQL: SELECT product.ID AS ID,product.po_id AS po_id,product.name AS name,product.img1 AS img1,product.img2 AS img2,product.img3 AS img3,product.pro_price AS pro_price,product.p_size AS p_size,product.p_color1 AS p_color1,product.p_color2 AS p_color2,product.color_img1 AS color_img1,product.color_img2 AS color_img2,product.p_introduce AS p_introduce,product.p_source AS p_source,procate.p_id AS p_id,procate.name AS p_name FROM jm_product product  JOIN jm_procate procate ON product.po_id=procate.ID WHERE ( product.ID=8 ) LIMIT 1   [ RunTime:0.0025s ]
INFO: [ view_parse ] --START--
INFO: [ template_filter ] --START--
INFO: Run Behavior\ContentReplaceBehavior [ RunTime:0.000173s ]
INFO: [ template_filter ] --END-- [ RunTime:0.000270s ]
INFO: Run Behavior\ParseTemplateBehavior [ RunTime:0.015451s ]
INFO: [ view_parse ] --END-- [ RunTime:0.015552s ]
INFO: [ view_filter ] --START--
INFO: Run Behavior\WriteHtmlCacheBehavior [ RunTime:0.000835s ]
INFO: [ view_filter ] --END-- [ RunTime:0.000916s ]
INFO: [ app_end ] --START--
INFO: Run Behavior\ShowPageTraceBehavior [ RunTime:0.000882s ]
INFO: [ app_end ] --END-- [ RunTime:0.000967s ]

[ 2016-11-04T17:08:58+08:00 ] 127.0.0.1 /jimson/index.php/Admin/Product/change_cate.html
INFO: [ app_init ] --START--
INFO: Run Behavior\BuildLiteBehavior [ RunTime:0.000024s ]
INFO: [ app_init ] --END-- [ RunTime:0.000682s ]
INFO: [ app_begin ] --START--
INFO: Run Behavior\ReadHtmlCacheBehavior [ RunTime:0.001864s ]
INFO: [ app_begin ] --END-- [ RunTime:0.001970s ]
SQL: SHOW COLUMNS FROM `jm_procate` [ RunTime:0.0058s ]
SQL: SHOW COLUMNS FROM `jm_procate` [ RunTime:0.0039s ]
SQL: SELECT * FROM `jm_procate` WHERE ( p_id=3 ) ORDER BY ID desc  [ RunTime:0.0020s ]
INFO: [ app_end ] --START--
INFO: Run Behavior\ShowPageTraceBehavior [ RunTime:0.002413s ]
INFO: [ app_end ] --END-- [ RunTime:0.002513s ]

[ 2016-11-04T17:12:06+08:00 ] 127.0.0.1 /jimson/index.php/Admin/Product/product.html
INFO: [ app_init ] --START--
INFO: Run Behavior\BuildLiteBehavior [ RunTime:0.000022s ]
INFO: [ app_init ] --END-- [ RunTime:0.000577s ]
INFO: [ app_begin ] --START--
INFO: Run Behavior\ReadHtmlCacheBehavior [ RunTime:0.001048s ]
INFO: [ app_begin ] --END-- [ RunTime:0.001163s ]
SQL: SHOW COLUMNS FROM `jm_product` [ RunTime:0.0060s ]
SQL: SELECT COUNT(*) AS tp_count FROM `jm_product` LIMIT 1   [ RunTime:0.0014s ]
SQL: SELECT * FROM `jm_product` ORDER BY ID desc LIMIT 0,2   [ RunTime:0.0004s ]
SQL: SHOW COLUMNS FROM `jm_procate` [ RunTime:0.0041s ]
SQL: SELECT product.ID AS ID,product.po_id AS po_id,product.name AS name,product.img1 AS img1,product.img2 AS img2,product.img3 AS img3,product.pro_price AS pro_price,product.p_size AS p_size,product.p_color1 AS p_color1,product.p_color2 AS p_color2,product.color_img1 AS color_img1,product.color_img2 AS color_img2,product.p_introduce AS p_introduce,product.p_source AS p_source,procate.p_id AS p_id,procate.name AS p_name FROM jm_product product  JOIN jm_procate procate ON product.po_id=procate.ID  [ RunTime:0.0019s ]
INFO: [ view_parse ] --START--
INFO: [ template_filter ] --START--
INFO: Run Behavior\ContentReplaceBehavior [ RunTime:0.000085s ]
INFO: [ template_filter ] --END-- [ RunTime:0.000172s ]
INFO: Run Behavior\ParseTemplateBehavior [ RunTime:0.013808s ]
INFO: [ view_parse ] --END-- [ RunTime:0.013918s ]
INFO: [ view_filter ] --START--
INFO: Run Behavior\WriteHtmlCacheBehavior [ RunTime:0.000920s ]
INFO: [ view_filter ] --END-- [ RunTime:0.001028s ]
INFO: [ app_end ] --START--
INFO: Run Behavior\ShowPageTraceBehavior [ RunTime:0.001704s ]
INFO: [ app_end ] --END-- [ RunTime:0.001893s ]

[ 2016-11-04T17:12:09+08:00 ] 127.0.0.1 /jimson/index.php/Admin/Product/edit/id/8.html
INFO: [ app_init ] --START--
INFO: Run Behavior\BuildLiteBehavior [ RunTime:0.000056s ]
INFO: [ app_init ] --END-- [ RunTime:0.001156s ]
INFO: [ app_begin ] --START--
INFO: Run Behavior\ReadHtmlCacheBehavior [ RunTime:0.001301s ]
INFO: [ app_begin ] --END-- [ RunTime:0.001414s ]
SQL: SHOW COLUMNS FROM `jm_procate` [ RunTime:0.0046s ]
SQL: SHOW COLUMNS FROM `jm_procate` [ RunTime:0.0038s ]
SQL: SELECT * FROM `jm_procate` WHERE ( p_id=0 ) ORDER BY ID desc  [ RunTime:0.0005s ]
SQL: SHOW COLUMNS FROM `jm_product` [ RunTime:0.0064s ]
SQL: SELECT product.ID AS ID,product.po_id AS po_id,product.name AS name,product.img1 AS img1,product.img2 AS img2,product.img3 AS img3,product.pro_price AS pro_price,product.p_size AS p_size,product.p_color1 AS p_color1,product.p_color2 AS p_color2,product.color_img1 AS color_img1,product.color_img2 AS color_img2,product.p_introduce AS p_introduce,product.p_source AS p_source,procate.p_id AS p_id,procate.name AS p_name FROM jm_product product  JOIN jm_procate procate ON product.po_id=procate.ID WHERE ( product.ID=8 ) LIMIT 1   [ RunTime:0.0009s ]
INFO: [ view_parse ] --START--
INFO: [ template_filter ] --START--
INFO: Run Behavior\ContentReplaceBehavior [ RunTime:0.000105s ]
INFO: [ template_filter ] --END-- [ RunTime:0.000191s ]
INFO: Run Behavior\ParseTemplateBehavior [ RunTime:0.015934s ]
INFO: [ view_parse ] --END-- [ RunTime:0.016073s ]
INFO: [ view_filter ] --START--
INFO: Run Behavior\WriteHtmlCacheBehavior [ RunTime:0.001239s ]
INFO: [ view_filter ] --END-- [ RunTime:0.001339s ]
INFO: [ app_end ] --START--
INFO: Run Behavior\ShowPageTraceBehavior [ RunTime:0.002302s ]
INFO: [ app_end ] --END-- [ RunTime:0.002577s ]

[ 2016-11-04T17:12:09+08:00 ] 127.0.0.1 /jimson/index.php/Admin/Product/change_cate.html
INFO: [ app_init ] --START--
INFO: Run Behavior\BuildLiteBehavior [ RunTime:0.000025s ]
INFO: [ app_init ] --END-- [ RunTime:0.000639s ]
INFO: [ app_begin ] --START--
INFO: Run Behavior\ReadHtmlCacheBehavior [ RunTime:0.001001s ]
INFO: [ app_begin ] --END-- [ RunTime:0.001108s ]
SQL: SHOW COLUMNS FROM `jm_procate` [ RunTime:0.0077s ]
SQL: SHOW COLUMNS FROM `jm_procate` [ RunTime:0.0075s ]
SQL: SELECT * FROM `jm_procate` WHERE ( p_id=3 ) ORDER BY ID desc  [ RunTime:0.0019s ]
INFO: [ app_end ] --START--
INFO: Run Behavior\ShowPageTraceBehavior [ RunTime:0.001336s ]
INFO: [ app_end ] --END-- [ RunTime:0.001432s ]

[ 2016-11-04T17:12:11+08:00 ] 127.0.0.1 /jimson/index.php/Admin/Product/product.html
INFO: [ app_init ] --START--
INFO: Run Behavior\BuildLiteBehavior [ RunTime:0.000025s ]
INFO: [ app_init ] --END-- [ RunTime:0.000508s ]
INFO: [ app_begin ] --START--
INFO: Run Behavior\ReadHtmlCacheBehavior [ RunTime:0.000650s ]
INFO: [ app_begin ] --END-- [ RunTime:0.000772s ]
SQL: SHOW COLUMNS FROM `jm_product` [ RunTime:0.0047s ]
SQL: SELECT COUNT(*) AS tp_count FROM `jm_product` LIMIT 1   [ RunTime:0.0006s ]
SQL: SELECT * FROM `jm_product` ORDER BY ID desc LIMIT 0,2   [ RunTime:0.0005s ]
SQL: SHOW COLUMNS FROM `jm_procate` [ RunTime:0.0074s ]
SQL: SELECT product.ID AS ID,product.po_id AS po_id,product.name AS name,product.img1 AS img1,product.img2 AS img2,product.img3 AS img3,product.pro_price AS pro_price,product.p_size AS p_size,product.p_color1 AS p_color1,product.p_color2 AS p_color2,product.color_img1 AS color_img1,product.color_img2 AS color_img2,product.p_introduce AS p_introduce,product.p_source AS p_source,procate.p_id AS p_id,procate.name AS p_name FROM jm_product product  JOIN jm_procate procate ON product.po_id=procate.ID  [ RunTime:0.0013s ]
INFO: [ view_parse ] --START--
INFO: [ template_filter ] --START--
INFO: Run Behavior\ContentReplaceBehavior [ RunTime:0.000086s ]
INFO: [ template_filter ] --END-- [ RunTime:0.000178s ]
INFO: Run Behavior\ParseTemplateBehavior [ RunTime:0.013323s ]
INFO: [ view_parse ] --END-- [ RunTime:0.013443s ]
INFO: [ view_filter ] --START--
INFO: Run Behavior\WriteHtmlCacheBehavior [ RunTime:0.000641s ]
INFO: [ view_filter ] --END-- [ RunTime:0.000717s ]
INFO: [ app_end ] --START--
INFO: Run Behavior\ShowPageTraceBehavior [ RunTime:0.000587s ]
INFO: [ app_end ] --END-- [ RunTime:0.000662s ]

[ 2016-11-04T17:12:11+08:00 ] 127.0.0.1 /jimson/index.php/Admin/Product/add.html
INFO: [ app_init ] --START--
INFO: Run Behavior\BuildLiteBehavior [ RunTime:0.000023s ]
INFO: [ app_init ] --END-- [ RunTime:0.000560s ]
INFO: [ app_begin ] --START--
INFO: Run Behavior\ReadHtmlCacheBehavior [ RunTime:0.000906s ]
INFO: [ app_begin ] --END-- [ RunTime:0.001010s ]
SQL: SHOW COLUMNS FROM `jm_procate` [ RunTime:0.0048s ]
SQL: SHOW COLUMNS FROM `jm_procate` [ RunTime:0.0065s ]
SQL: SELECT * FROM `jm_procate` WHERE ( p_id=0 ) ORDER BY ID desc  [ RunTime:0.0018s ]
SQL: SELECT * FROM `jm_procate` WHERE ( p_id=3 ) ORDER BY ID desc  [ RunTime:0.0008s ]
SQL: SELECT * FROM `jm_procate` WHERE ( p_id=2 ) ORDER BY ID desc  [ RunTime:0.0003s ]
SQL: SELECT * FROM `jm_procate` WHERE ( p_id=1 ) ORDER BY ID desc  [ RunTime:0.0003s ]
INFO: [ view_parse ] --START--
INFO: [ template_filter ] --START--
INFO: Run Behavior\ContentReplaceBehavior [ RunTime:0.000122s ]
INFO: [ template_filter ] --END-- [ RunTime:0.000232s ]
INFO: Run Behavior\ParseTemplateBehavior [ RunTime:0.017960s ]
INFO: [ view_parse ] --END-- [ RunTime:0.018074s ]
INFO: [ view_filter ] --START--
INFO: Run Behavior\WriteHtmlCacheBehavior [ RunTime:0.000932s ]
INFO: [ view_filter ] --END-- [ RunTime:0.001017s ]
INFO: [ app_end ] --START--
INFO: Run Behavior\ShowPageTraceBehavior [ RunTime:0.000897s ]
INFO: [ app_end ] --END-- [ RunTime:0.000999s ]

[ 2016-11-04T17:14:10+08:00 ] 127.0.0.1 /jimson/index.php/Admin/Product/product.html
INFO: [ app_init ] --START--
INFO: Run Behavior\BuildLiteBehavior [ RunTime:0.000028s ]
INFO: [ app_init ] --END-- [ RunTime:0.000561s ]
INFO: [ app_begin ] --START--
INFO: Run Behavior\ReadHtmlCacheBehavior [ RunTime:0.000672s ]
INFO: [ app_begin ] --END-- [ RunTime:0.000782s ]
SQL: SHOW COLUMNS FROM `jm_product` [ RunTime:0.0058s ]
SQL: SELECT COUNT(*) AS tp_count FROM `jm_product` LIMIT 1   [ RunTime:0.0005s ]
SQL: SELECT * FROM `jm_product` ORDER BY ID desc LIMIT 0,2   [ RunTime:0.0005s ]
SQL: SHOW COLUMNS FROM `jm_procate` [ RunTime:0.0050s ]
SQL: SELECT product.ID AS ID,product.po_id AS po_id,product.name AS name,product.img1 AS img1,product.img2 AS img2,product.img3 AS img3,product.pro_price AS pro_price,product.p_size AS p_size,product.p_color1 AS p_color1,product.p_color2 AS p_color2,product.color_img1 AS color_img1,product.color_img2 AS color_img2,product.p_introduce AS p_introduce,product.p_source AS p_source,procate.p_id AS p_id,procate.name AS p_name FROM jm_product product  JOIN jm_procate procate ON product.po_id=procate.ID  [ RunTime:0.0005s ]
INFO: [ view_parse ] --START--
INFO: [ template_filter ] --START--
INFO: Run Behavior\ContentReplaceBehavior [ RunTime:0.000092s ]
INFO: [ template_filter ] --END-- [ RunTime:0.000194s ]
INFO: Run Behavior\ParseTemplateBehavior [ RunTime:0.016056s ]
INFO: [ view_parse ] --END-- [ RunTime:0.016165s ]
INFO: [ view_filter ] --START--
INFO: Run Behavior\WriteHtmlCacheBehavior [ RunTime:0.000997s ]
INFO: [ view_filter ] --END-- [ RunTime:0.001072s ]
INFO: [ app_end ] --START--
INFO: Run Behavior\ShowPageTraceBehavior [ RunTime:0.000594s ]
INFO: [ app_end ] --END-- [ RunTime:0.000668s ]

[ 2016-11-04T17:14:12+08:00 ] 127.0.0.1 /jimson/index.php/Admin/Product/add.html
INFO: [ app_init ] --START--
INFO: Run Behavior\BuildLiteBehavior [ RunTime:0.000022s ]
INFO: [ app_init ] --END-- [ RunTime:0.000588s ]
INFO: [ app_begin ] --START--
INFO: Run Behavior\ReadHtmlCacheBehavior [ RunTime:0.000856s ]
INFO: [ app_begin ] --END-- [ RunTime:0.000960s ]
SQL: SHOW COLUMNS FROM `jm_procate` [ RunTime:0.0096s ]
SQL: SHOW COLUMNS FROM `jm_procate` [ RunTime:0.0063s ]
SQL: SELECT * FROM `jm_procate` WHERE ( p_id=0 ) ORDER BY ID desc  [ RunTime:0.0006s ]
SQL: SELECT * FROM `jm_procate` WHERE ( p_id=3 ) ORDER BY ID desc  [ RunTime:0.0004s ]
SQL: SELECT * FROM `jm_procate` WHERE ( p_id=2 ) ORDER BY ID desc  [ RunTime:0.0009s ]
SQL: SELECT * FROM `jm_procate` WHERE ( p_id=1 ) ORDER BY ID desc  [ RunTime:0.0007s ]
INFO: [ view_parse ] --START--
INFO: [ template_filter ] --START--
INFO: Run Behavior\ContentReplaceBehavior [ RunTime:0.000139s ]
INFO: [ template_filter ] --END-- [ RunTime:0.000244s ]
INFO: Run Behavior\ParseTemplateBehavior [ RunTime:0.015687s ]
INFO: [ view_parse ] --END-- [ RunTime:0.015808s ]
INFO: [ view_filter ] --START--
INFO: Run Behavior\WriteHtmlCacheBehavior [ RunTime:0.001001s ]
INFO: [ view_filter ] --END-- [ RunTime:0.001087s ]
INFO: [ app_end ] --START--
INFO: Run Behavior\ShowPageTraceBehavior [ RunTime:0.000877s ]
INFO: [ app_end ] --END-- [ RunTime:0.000970s ]

[ 2016-11-04T17:14:15+08:00 ] 127.0.0.1 /jimson/index.php/Admin/Product/change_cate.html
INFO: [ app_init ] --START--
INFO: Run Behavior\BuildLiteBehavior [ RunTime:0.000031s ]
INFO: [ app_init ] --END-- [ RunTime:0.001946s ]
INFO: [ app_begin ] --START--
INFO: Run Behavior\ReadHtmlCacheBehavior [ RunTime:0.000897s ]
INFO: [ app_begin ] --END-- [ RunTime:0.001051s ]
SQL: SHOW COLUMNS FROM `jm_procate` [ RunTime:0.0047s ]
SQL: SHOW COLUMNS FROM `jm_procate` [ RunTime:0.0038s ]
SQL: SELECT * FROM `jm_procate` WHERE ( p_id=2 ) ORDER BY ID desc  [ RunTime:0.0004s ]
INFO: [ app_end ] --START--
INFO: Run Behavior\ShowPageTraceBehavior [ RunTime:0.000709s ]
INFO: [ app_end ] --END-- [ RunTime:0.000775s ]

[ 2016-11-04T17:15:26+08:00 ] 127.0.0.1 /jimson/index.php/Admin/Product/product.html
INFO: [ app_init ] --START--
INFO: Run Behavior\BuildLiteBehavior [ RunTime:0.000023s ]
INFO: [ app_init ] --END-- [ RunTime:0.000628s ]
INFO: [ app_begin ] --START--
INFO: Run Behavior\ReadHtmlCacheBehavior [ RunTime:0.000997s ]
INFO: [ app_begin ] --END-- [ RunTime:0.001116s ]
SQL: SHOW COLUMNS FROM `jm_product` [ RunTime:0.0051s ]
SQL: SELECT COUNT(*) AS tp_count FROM `jm_product` LIMIT 1   [ RunTime:0.0047s ]
SQL: SELECT * FROM `jm_product` ORDER BY ID desc LIMIT 0,2   [ RunTime:0.0007s ]
SQL: SHOW COLUMNS FROM `jm_procate` [ RunTime:0.0041s ]
SQL: SELECT product.ID AS ID,product.po_id AS po_id,product.name AS name,product.img1 AS img1,product.img2 AS img2,product.img3 AS img3,product.pro_price AS pro_price,product.p_size AS p_size,product.p_color1 AS p_color1,product.p_color2 AS p_color2,product.color_img1 AS color_img1,product.color_img2 AS color_img2,product.p_introduce AS p_introduce,product.p_source AS p_source,procate.p_id AS p_id,procate.name AS p_name FROM jm_product product  JOIN jm_procate procate ON product.po_id=procate.ID  [ RunTime:0.0005s ]
INFO: [ view_parse ] --START--
INFO: [ template_filter ] --START--
INFO: Run Behavior\ContentReplaceBehavior [ RunTime:0.000089s ]
INFO: [ template_filter ] --END-- [ RunTime:0.000181s ]
INFO: Run Behavior\ParseTemplateBehavior [ RunTime:0.014624s ]
INFO: [ view_parse ] --END-- [ RunTime:0.014725s ]
INFO: [ view_filter ] --START--
INFO: Run Behavior\WriteHtmlCacheBehavior [ RunTime:0.000630s ]
INFO: [ view_filter ] --END-- [ RunTime:0.000707s ]
INFO: [ app_end ] --START--
INFO: Run Behavior\ShowPageTraceBehavior [ RunTime:0.000822s ]
INFO: [ app_end ] --END-- [ RunTime:0.000897s ]

[ 2016-11-04T17:15:27+08:00 ] 127.0.0.1 /jimson/index.php/Admin/Product/add.html
INFO: [ app_init ] --START--
INFO: Run Behavior\BuildLiteBehavior [ RunTime:0.000023s ]
INFO: [ app_init ] --END-- [ RunTime:0.000609s ]
INFO: [ app_begin ] --START--
INFO: Run Behavior\ReadHtmlCacheBehavior [ RunTime:0.001490s ]
INFO: [ app_begin ] --END-- [ RunTime:0.001614s ]
SQL: SHOW COLUMNS FROM `jm_procate` [ RunTime:0.0044s ]
SQL: SHOW COLUMNS FROM `jm_procate` [ RunTime:0.0041s ]
SQL: SELECT * FROM `jm_procate` WHERE ( p_id=0 ) ORDER BY ID desc  [ RunTime:0.0004s ]
SQL: SELECT * FROM `jm_procate` WHERE ( p_id=3 ) ORDER BY ID desc  [ RunTime:0.0002s ]
SQL: SELECT * FROM `jm_procate` WHERE ( p_id=2 ) ORDER BY ID desc  [ RunTime:0.0002s ]
SQL: SELECT * FROM `jm_procate` WHERE ( p_id=1 ) ORDER BY ID desc  [ RunTime:0.0002s ]
INFO: [ view_parse ] --START--
INFO: [ template_filter ] --START--
INFO: Run Behavior\ContentReplaceBehavior [ RunTime:0.000380s ]
INFO: [ template_filter ] --END-- [ RunTime:0.000487s ]
INFO: Run Behavior\ParseTemplateBehavior [ RunTime:0.015470s ]
INFO: [ view_parse ] --END-- [ RunTime:0.015587s ]
INFO: [ view_filter ] --START--
INFO: Run Behavior\WriteHtmlCacheBehavior [ RunTime:0.001101s ]
INFO: [ view_filter ] --END-- [ RunTime:0.001184s ]
INFO: [ app_end ] --START--
INFO: Run Behavior\ShowPageTraceBehavior [ RunTime:0.003863s ]
INFO: [ app_end ] --END-- [ RunTime:0.004014s ]

[ 2016-11-04T17:15:30+08:00 ] 127.0.0.1 /jimson/index.php/Admin/Product/change_cate.html
INFO: [ app_init ] --START--
INFO: Run Behavior\BuildLiteBehavior [ RunTime:0.000032s ]
INFO: [ app_init ] --END-- [ RunTime:0.001139s ]
INFO: [ app_begin ] --START--
INFO: Run Behavior\ReadHtmlCacheBehavior [ RunTime:0.001284s ]
INFO: [ app_begin ] --END-- [ RunTime:0.001383s ]
SQL: SHOW COLUMNS FROM `jm_procate` [ RunTime:0.0045s ]
SQL: SHOW COLUMNS FROM `jm_procate` [ RunTime:0.0042s ]
SQL: SELECT * FROM `jm_procate` WHERE ( p_id=2 ) ORDER BY ID desc  [ RunTime:0.0004s ]
INFO: [ app_end ] --START--
INFO: Run Behavior\ShowPageTraceBehavior [ RunTime:0.001435s ]
INFO: [ app_end ] --END-- [ RunTime:0.001506s ]

[ 2016-11-04T17:16:04+08:00 ] 127.0.0.1 /jimson/index.php/Admin/Product/add.html
INFO: [ app_init ] --START--
INFO: Run Behavior\BuildLiteBehavior [ RunTime:0.000025s ]
INFO: [ app_init ] --END-- [ RunTime:0.000808s ]
INFO: [ app_begin ] --START--
INFO: Run Behavior\ReadHtmlCacheBehavior [ RunTime:0.001304s ]
INFO: [ app_begin ] --END-- [ RunTime:0.001403s ]
SQL: SHOW COLUMNS FROM `jm_product` [ RunTime:0.0048s ]
NOTIC: [8] Undefined index: validate E:\wamp\www\Jimson\ThinkPHP\Library\Think\Model.class.php 第 1185 行.
SQL: SELECT * FROM `jm_product` WHERE `name` = '132' LIMIT 1   [ RunTime:0.0006s ]
NOTIC: [8] Undefined index: auto E:\wamp\www\Jimson\ThinkPHP\Library\Think\Model.class.php 第 1128 行.
SQL: INSERT INTO `jm_product` (`p_size`,`name`,`img1`,`img2`,`img3`,`pro_price`,`p_color1`,`p_color2`,`color_img1`,`color_img2`,`p_introduce`,`p_source`,`po_id`,`pro_off`,`sendprice`) VALUES ('1,3','132','/Jimson/Application/Common/Common/images/image/20161104/20161104171537_78694.jpeg','','','12','132','123','/Jimson/Application/Common/Common/images/image/20161104/20161104171554_68666.jpeg','/Jimson/Application/Common/Common/images/image/20161104/20161104171601_71108.jpg','123','123','5','0.1','123') [ RunTime:0.1797s ]
INFO: [ view_parse ] --START--
INFO: [ template_filter ] --START--
INFO: Run Behavior\ContentReplaceBehavior [ RunTime:0.000069s ]
INFO: [ template_filter ] --END-- [ RunTime:0.000164s ]
INFO: Run Behavior\ParseTemplateBehavior [ RunTime:0.010372s ]
INFO: [ view_parse ] --END-- [ RunTime:0.010472s ]
INFO: [ view_filter ] --START--
INFO: Run Behavior\WriteHtmlCacheBehavior [ RunTime:0.001010s ]
INFO: [ view_filter ] --END-- [ RunTime:0.001087s ]
INFO: [ app_end ] --START--
INFO: Run Behavior\ShowPageTraceBehavior [ RunTime:0.001261s ]
INFO: [ app_end ] --END-- [ RunTime:0.001339s ]

[ 2016-11-04T17:16:05+08:00 ] 127.0.0.1 /jimson/index.php/Admin/Product/product.html
INFO: [ app_init ] --START--
INFO: Run Behavior\BuildLiteBehavior [ RunTime:0.000021s ]
INFO: [ app_init ] --END-- [ RunTime:0.000563s ]
INFO: [ app_begin ] --START--
INFO: Run Behavior\ReadHtmlCacheBehavior [ RunTime:0.001331s ]
INFO: [ app_begin ] --END-- [ RunTime:0.001474s ]
SQL: SHOW COLUMNS FROM `jm_product` [ RunTime:0.0063s ]
SQL: SELECT COUNT(*) AS tp_count FROM `jm_product` LIMIT 1   [ RunTime:0.0025s ]
SQL: SELECT * FROM `jm_product` ORDER BY ID desc LIMIT 0,2   [ RunTime:0.0006s ]
SQL: SHOW COLUMNS FROM `jm_procate` [ RunTime:0.0043s ]
SQL: SELECT product.ID AS ID,product.po_id AS po_id,product.name AS name,product.img1 AS img1,product.img2 AS img2,product.img3 AS img3,product.pro_price AS pro_price,product.p_size AS p_size,product.p_color1 AS p_color1,product.p_color2 AS p_color2,product.color_img1 AS color_img1,product.color_img2 AS color_img2,product.p_introduce AS p_introduce,product.p_source AS p_source,procate.p_id AS p_id,procate.name AS p_name FROM jm_product product  JOIN jm_procate procate ON product.po_id=procate.ID  [ RunTime:0.0006s ]
INFO: [ view_parse ] --START--
INFO: [ template_filter ] --START--
INFO: Run Behavior\ContentReplaceBehavior [ RunTime:0.000084s ]
INFO: [ template_filter ] --END-- [ RunTime:0.000170s ]
INFO: Run Behavior\ParseTemplateBehavior [ RunTime:0.015679s ]
INFO: [ view_parse ] --END-- [ RunTime:0.016057s ]
INFO: [ view_filter ] --START--
INFO: Run Behavior\WriteHtmlCacheBehavior [ RunTime:0.000985s ]
INFO: [ view_filter ] --END-- [ RunTime:0.001056s ]
INFO: [ app_end ] --START--
INFO: Run Behavior\ShowPageTraceBehavior [ RunTime:0.001557s ]
INFO: [ app_end ] --END-- [ RunTime:0.001642s ]

[ 2016-11-04T17:17:08+08:00 ] 127.0.0.1 /jimson/index.php/Admin/Product/product.html
INFO: [ app_init ] --START--
INFO: Run Behavior\BuildLiteBehavior [ RunTime:0.000021s ]
INFO: [ app_init ] --END-- [ RunTime:0.000550s ]
INFO: [ app_begin ] --START--
INFO: Run Behavior\ReadHtmlCacheBehavior [ RunTime:0.001107s ]
INFO: [ app_begin ] --END-- [ RunTime:0.001232s ]
SQL: SHOW COLUMNS FROM `jm_product` [ RunTime:0.0047s ]
SQL: SELECT COUNT(*) AS tp_count FROM `jm_product` LIMIT 1   [ RunTime:0.0004s ]
SQL: SELECT * FROM `jm_product` ORDER BY ID desc LIMIT 0,2   [ RunTime:0.0003s ]
SQL: SHOW COLUMNS FROM `jm_procate` [ RunTime:0.0044s ]
SQL: SELECT product.ID AS ID,product.po_id AS po_id,product.name AS name,product.img1 AS img1,product.img2 AS img2,product.img3 AS img3,product.pro_price AS pro_price,product.p_size AS p_size,product.p_color1 AS p_color1,product.p_color2 AS p_color2,product.color_img1 AS color_img1,product.color_img2 AS color_img2,product.p_introduce AS p_introduce,product.p_source AS p_source,procate.p_id AS p_id,procate.name AS p_name FROM jm_product product  JOIN jm_procate procate ON product.po_id=procate.ID  [ RunTime:0.0005s ]
INFO: [ view_parse ] --START--
INFO: [ template_filter ] --START--
INFO: Run Behavior\ContentReplaceBehavior [ RunTime:0.000090s ]
INFO: [ template_filter ] --END-- [ RunTime:0.000180s ]
INFO: Run Behavior\ParseTemplateBehavior [ RunTime:0.013953s ]
INFO: [ view_parse ] --END-- [ RunTime:0.015762s ]
INFO: [ view_filter ] --START--
INFO: Run Behavior\WriteHtmlCacheBehavior [ RunTime:0.001140s ]
INFO: [ view_filter ] --END-- [ RunTime:0.002390s ]
INFO: [ app_end ] --START--
INFO: Run Behavior\ShowPageTraceBehavior [ RunTime:0.002445s ]
INFO: [ app_end ] --END-- [ RunTime:0.002544s ]

[ 2016-11-04T17:17:09+08:00 ] 127.0.0.1 /jimson/index.php/Admin/Product/edit/id/9.html
INFO: [ app_init ] --START--
INFO: Run Behavior\BuildLiteBehavior [ RunTime:0.000025s ]
INFO: [ app_init ] --END-- [ RunTime:0.000783s ]
INFO: [ app_begin ] --START--
INFO: Run Behavior\ReadHtmlCacheBehavior [ RunTime:0.001287s ]
INFO: [ app_begin ] --END-- [ RunTime:0.001403s ]
SQL: SHOW COLUMNS FROM `jm_procate` [ RunTime:0.0043s ]
SQL: SHOW COLUMNS FROM `jm_procate` [ RunTime:0.0041s ]
SQL: SELECT * FROM `jm_procate` WHERE ( p_id=0 ) ORDER BY ID desc  [ RunTime:0.0004s ]
SQL: SHOW COLUMNS FROM `jm_product` [ RunTime:0.0053s ]
SQL: SELECT product.ID AS ID,product.po_id AS po_id,product.name AS name,product.img1 AS img1,product.img2 AS img2,product.img3 AS img3,product.pro_price AS pro_price,product.p_size AS p_size,product.p_color1 AS p_color1,product.p_color2 AS p_color2,product.color_img1 AS color_img1,product.color_img2 AS color_img2,product.p_introduce AS p_introduce,product.p_source AS p_source,procate.p_id AS p_id,procate.name AS p_name FROM jm_product product  JOIN jm_procate procate ON product.po_id=procate.ID WHERE ( product.ID=9 ) LIMIT 1   [ RunTime:0.0005s ]
INFO: [ view_parse ] --START--
INFO: [ template_filter ] --START--
INFO: Run Behavior\ContentReplaceBehavior [ RunTime:0.000115s ]
INFO: [ template_filter ] --END-- [ RunTime:0.000207s ]
NOTIC: [8] Undefined index: sendprice E:\wamp\www\Jimson\Application\Runtime\Cache\Admin\b3c4eeadefc336ccc37682b1e72f6690.php 第 104 行.
NOTIC: [8] Undefined index: pro_off E:\wamp\www\Jimson\Application\Runtime\Cache\Admin\b3c4eeadefc336ccc37682b1e72f6690.php 第 110 行.
INFO: Run Behavior\ParseTemplateBehavior [ RunTime:0.017100s ]
INFO: [ view_parse ] --END-- [ RunTime:0.017186s ]
INFO: [ view_filter ] --START--
INFO: Run Behavior\WriteHtmlCacheBehavior [ RunTime:0.000970s ]
INFO: [ view_filter ] --END-- [ RunTime:0.001046s ]
INFO: [ app_end ] --START--
INFO: Run Behavior\ShowPageTraceBehavior [ RunTime:0.001247s ]
INFO: [ app_end ] --END-- [ RunTime:0.001323s ]

[ 2016-11-04T17:17:10+08:00 ] 127.0.0.1 /jimson/index.php/Admin/Product/change_cate.html
INFO: [ app_init ] --START--
INFO: Run Behavior\BuildLiteBehavior [ RunTime:0.000037s ]
INFO: [ app_init ] --END-- [ RunTime:0.000685s ]
INFO: [ app_begin ] --START--
INFO: Run Behavior\ReadHtmlCacheBehavior [ RunTime:0.002181s ]
INFO: [ app_begin ] --END-- [ RunTime:0.002318s ]
SQL: SHOW COLUMNS FROM `jm_procate` [ RunTime:0.0079s ]
SQL: SHOW COLUMNS FROM `jm_procate` [ RunTime:0.0046s ]
SQL: SELECT * FROM `jm_procate` WHERE ( p_id=2 ) ORDER BY ID desc  [ RunTime:0.0005s ]
INFO: [ app_end ] --START--
INFO: Run Behavior\ShowPageTraceBehavior [ RunTime:0.001511s ]
INFO: [ app_end ] --END-- [ RunTime:0.001585s ]

[ 2016-11-04T17:17:20+08:00 ] 127.0.0.1 /jimson/index.php/Admin/Product/product.html
INFO: [ app_init ] --START--
INFO: Run Behavior\BuildLiteBehavior [ RunTime:0.000021s ]
INFO: [ app_init ] --END-- [ RunTime:0.000592s ]
INFO: [ app_begin ] --START--
INFO: Run Behavior\ReadHtmlCacheBehavior [ RunTime:0.001255s ]
INFO: [ app_begin ] --END-- [ RunTime:0.001364s ]
SQL: SHOW COLUMNS FROM `jm_product` [ RunTime:0.0043s ]
SQL: SELECT COUNT(*) AS tp_count FROM `jm_product` LIMIT 1   [ RunTime:0.0003s ]
SQL: SELECT * FROM `jm_product` ORDER BY ID desc LIMIT 0,2   [ RunTime:0.0003s ]
SQL: SHOW COLUMNS FROM `jm_procate` [ RunTime:0.0039s ]
SQL: SELECT product.ID AS ID,product.po_id AS po_id,product.name AS name,product.img1 AS img1,product.img2 AS img2,product.img3 AS img3,product.pro_price AS pro_price,product.p_size AS p_size,product.p_color1 AS p_color1,product.p_color2 AS p_color2,product.color_img1 AS color_img1,product.color_img2 AS color_img2,product.p_introduce AS p_introduce,product.p_source AS p_source,procate.p_id AS p_id,procate.name AS p_name FROM jm_product product  JOIN jm_procate procate ON product.po_id=procate.ID  [ RunTime:0.0004s ]
INFO: [ view_parse ] --START--
INFO: [ template_filter ] --START--
INFO: Run Behavior\ContentReplaceBehavior [ RunTime:0.000087s ]
INFO: [ template_filter ] --END-- [ RunTime:0.000177s ]
INFO: Run Behavior\ParseTemplateBehavior [ RunTime:0.016059s ]
INFO: [ view_parse ] --END-- [ RunTime:0.016161s ]
INFO: [ view_filter ] --START--
INFO: Run Behavior\WriteHtmlCacheBehavior [ RunTime:0.001495s ]
INFO: [ view_filter ] --END-- [ RunTime:0.001592s ]
INFO: [ app_end ] --START--
INFO: Run Behavior\ShowPageTraceBehavior [ RunTime:0.001478s ]
INFO: [ app_end ] --END-- [ RunTime:0.001569s ]

[ 2016-11-04T17:18:37+08:00 ] 127.0.0.1 /jimson/index.php/Admin/Product/product.html
INFO: [ app_init ] --START--
INFO: Run Behavior\BuildLiteBehavior [ RunTime:0.000025s ]
INFO: [ app_init ] --END-- [ RunTime:0.000635s ]
INFO: [ app_begin ] --START--
INFO: Run Behavior\ReadHtmlCacheBehavior [ RunTime:0.001062s ]
INFO: [ app_begin ] --END-- [ RunTime:0.001224s ]
SQL: SHOW COLUMNS FROM `jm_product` [ RunTime:0.0085s ]
SQL: SELECT COUNT(*) AS tp_count FROM `jm_product` LIMIT 1   [ RunTime:0.0007s ]
SQL: SELECT * FROM `jm_product` ORDER BY ID desc LIMIT 0,2   [ RunTime:0.0003s ]
SQL: SHOW COLUMNS FROM `jm_procate` [ RunTime:0.0045s ]
SQL: SELECT product.ID AS ID,product.po_id AS po_id,product.name AS name,product.img1 AS img1,product.img2 AS img2,product.img3 AS img3,product.pro_price AS pro_price,product.p_size AS p_size,product.p_color1 AS p_color1,product.p_color2 AS p_color2,product.color_img1 AS color_img1,product.color_img2 AS color_img2,product.p_introduce AS p_introduce,product.p_source AS p_source,procate.p_id AS p_id,procate.name AS p_name FROM jm_product product  JOIN jm_procate procate ON product.po_id=procate.ID  [ RunTime:0.0006s ]
INFO: [ view_parse ] --START--
INFO: [ template_filter ] --START--
INFO: Run Behavior\ContentReplaceBehavior [ RunTime:0.000087s ]
INFO: [ template_filter ] --END-- [ RunTime:0.000176s ]
INFO: Run Behavior\ParseTemplateBehavior [ RunTime:0.014981s ]
INFO: [ view_parse ] --END-- [ RunTime:0.015086s ]
INFO: [ view_filter ] --START--
INFO: Run Behavior\WriteHtmlCacheBehavior [ RunTime:0.002117s ]
INFO: [ view_filter ] --END-- [ RunTime:0.002224s ]
INFO: [ app_end ] --START--
INFO: Run Behavior\ShowPageTraceBehavior [ RunTime:0.000844s ]
INFO: [ app_end ] --END-- [ RunTime:0.000921s ]

[ 2016-11-04T17:18:59+08:00 ] 127.0.0.1 /jimson/index.php/Admin/Product/product.html
INFO: [ app_init ] --START--
INFO: Run Behavior\BuildLiteBehavior [ RunTime:0.000027s ]
INFO: [ app_init ] --END-- [ RunTime:0.000840s ]
INFO: [ app_begin ] --START--
INFO: Run Behavior\ReadHtmlCacheBehavior [ RunTime:0.001787s ]
INFO: [ app_begin ] --END-- [ RunTime:0.001914s ]
SQL: SHOW COLUMNS FROM `jm_product` [ RunTime:0.0073s ]
SQL: SELECT COUNT(*) AS tp_count FROM `jm_product` LIMIT 1   [ RunTime:0.0007s ]
SQL: SELECT * FROM `jm_product` ORDER BY ID desc LIMIT 0,2   [ RunTime:0.0004s ]
SQL: SHOW COLUMNS FROM `jm_procate` [ RunTime:0.0049s ]
SQL: SELECT product.ID AS ID,product.po_id AS po_id,product.name AS name,product.img1 AS img1,product.img2 AS img2,product.img3 AS img3,product.pro_price AS pro_price,product.p_size AS p_size,product.p_color1 AS p_color1,product.p_color2 AS p_color2,product.color_img1 AS color_img1,product.color_img2 AS color_img2,product.p_introduce AS p_introduce,product.p_source AS p_source,procate.p_id AS p_id,procate.name AS p_name FROM jm_product product  JOIN jm_procate procate ON product.po_id=procate.ID  [ RunTime:0.0006s ]
INFO: [ view_parse ] --START--
INFO: [ template_filter ] --START--
INFO: Run Behavior\ContentReplaceBehavior [ RunTime:0.000089s ]
INFO: [ template_filter ] --END-- [ RunTime:0.000180s ]
INFO: Run Behavior\ParseTemplateBehavior [ RunTime:0.023928s ]
INFO: [ view_parse ] --END-- [ RunTime:0.024027s ]
INFO: [ view_filter ] --START--
INFO: Run Behavior\WriteHtmlCacheBehavior [ RunTime:0.001203s ]
INFO: [ view_filter ] --END-- [ RunTime:0.001286s ]
INFO: [ app_end ] --START--
INFO: Run Behavior\ShowPageTraceBehavior [ RunTime:0.001610s ]
INFO: [ app_end ] --END-- [ RunTime:0.001697s ]

[ 2016-11-04T17:19:00+08:00 ] 127.0.0.1 /jimson/index.php/Admin/Product/product.html
INFO: [ app_init ] --START--
INFO: Run Behavior\BuildLiteBehavior [ RunTime:0.000027s ]
INFO: [ app_init ] --END-- [ RunTime:0.000694s ]
INFO: [ app_begin ] --START--
INFO: Run Behavior\ReadHtmlCacheBehavior [ RunTime:0.001526s ]
INFO: [ app_begin ] --END-- [ RunTime:0.001712s ]
SQL: SHOW COLUMNS FROM `jm_product` [ RunTime:0.0043s ]
SQL: SELECT COUNT(*) AS tp_count FROM `jm_product` LIMIT 1   [ RunTime:0.0003s ]
SQL: SELECT * FROM `jm_product` ORDER BY ID desc LIMIT 0,2   [ RunTime:0.0010s ]
SQL: SHOW COLUMNS FROM `jm_procate` [ RunTime:0.0094s ]
SQL: SELECT product.ID AS ID,product.po_id AS po_id,product.name AS name,product.img1 AS img1,product.img2 AS img2,product.img3 AS img3,product.pro_price AS pro_price,product.p_size AS p_size,product.p_color1 AS p_color1,product.p_color2 AS p_color2,product.color_img1 AS color_img1,product.color_img2 AS color_img2,product.p_introduce AS p_introduce,product.p_source AS p_source,procate.p_id AS p_id,procate.name AS p_name FROM jm_product product  JOIN jm_procate procate ON product.po_id=procate.ID  [ RunTime:0.0016s ]
INFO: [ view_parse ] --START--
INFO: [ template_filter ] --START--
INFO: Run Behavior\ContentReplaceBehavior [ RunTime:0.000095s ]
INFO: [ template_filter ] --END-- [ RunTime:0.000187s ]
INFO: Run Behavior\ParseTemplateBehavior [ RunTime:0.014869s ]
INFO: [ view_parse ] --END-- [ RunTime:0.014967s ]
INFO: [ view_filter ] --START--
INFO: Run Behavior\WriteHtmlCacheBehavior [ RunTime:0.000765s ]
INFO: [ view_filter ] --END-- [ RunTime:0.000859s ]
INFO: [ app_end ] --START--
INFO: Run Behavior\ShowPageTraceBehavior [ RunTime:0.000778s ]
INFO: [ app_end ] --END-- [ RunTime:0.000863s ]

[ 2016-11-04T17:19:21+08:00 ] 127.0.0.1 /jimson/index.php/Admin/Product/product.html
INFO: [ app_init ] --START--
INFO: Run Behavior\BuildLiteBehavior [ RunTime:0.000024s ]
INFO: [ app_init ] --END-- [ RunTime:0.000898s ]
INFO: [ app_begin ] --START--
INFO: Run Behavior\ReadHtmlCacheBehavior [ RunTime:0.001805s ]
INFO: [ app_begin ] --END-- [ RunTime:0.002027s ]
SQL: SHOW COLUMNS FROM `jm_product` [ RunTime:0.0050s ]
SQL: SELECT COUNT(*) AS tp_count FROM `jm_product` LIMIT 1   [ RunTime:0.0007s ]
SQL: SELECT * FROM `jm_product` ORDER BY ID desc LIMIT 0,2   [ RunTime:0.0014s ]
SQL: SHOW COLUMNS FROM `jm_procate` [ RunTime:0.0047s ]
SQL: SELECT product.ID AS ID,product.po_id AS po_id,product.name AS name,product.img1 AS img1,product.img2 AS img2,product.img3 AS img3,product.pro_price AS pro_price,product.p_size AS p_size,product.p_color1 AS p_color1,product.p_color2 AS p_color2,product.color_img1 AS color_img1,product.color_img2 AS color_img2,product.p_introduce AS p_introduce,product.p_source AS p_source,procate.p_id AS p_id,procate.name AS p_name FROM jm_product product  JOIN jm_procate procate ON product.po_id=procate.ID  [ RunTime:0.0007s ]
INFO: [ view_parse ] --START--
INFO: [ template_filter ] --START--
INFO: Run Behavior\ContentReplaceBehavior [ RunTime:0.000085s ]
INFO: [ template_filter ] --END-- [ RunTime:0.000173s ]
INFO: Run Behavior\ParseTemplateBehavior [ RunTime:0.016276s ]
INFO: [ view_parse ] --END-- [ RunTime:0.016366s ]
INFO: [ view_filter ] --START--
INFO: Run Behavior\WriteHtmlCacheBehavior [ RunTime:0.000988s ]
INFO: [ view_filter ] --END-- [ RunTime:0.001059s ]
INFO: [ app_end ] --START--
INFO: Run Behavior\ShowPageTraceBehavior [ RunTime:0.001305s ]
INFO: [ app_end ] --END-- [ RunTime:0.001494s ]

[ 2016-11-04T17:19:38+08:00 ] 127.0.0.1 /jimson/index.php/Admin/Product/product.html
INFO: [ app_init ] --START--
INFO: Run Behavior\BuildLiteBehavior [ RunTime:0.000024s ]
INFO: [ app_init ] --END-- [ RunTime:0.000651s ]
INFO: [ app_begin ] --START--
INFO: Run Behavior\ReadHtmlCacheBehavior [ RunTime:0.001011s ]
INFO: [ app_begin ] --END-- [ RunTime:0.001139s ]
SQL: SHOW COLUMNS FROM `jm_product` [ RunTime:0.0046s ]
SQL: SELECT COUNT(*) AS tp_count FROM `jm_product` LIMIT 1   [ RunTime:0.0003s ]
SQL: SELECT * FROM `jm_product` ORDER BY ID desc LIMIT 0,2   [ RunTime:0.0003s ]
SQL: SHOW COLUMNS FROM `jm_procate` [ RunTime:0.0045s ]
SQL: SELECT product.ID AS ID,product.po_id AS po_id,product.name AS name,product.img1 AS img1,product.img2 AS img2,product.img3 AS img3,product.pro_price AS pro_price,product.p_size AS p_size,product.p_color1 AS p_color1,product.p_color2 AS p_color2,product.color_img1 AS color_img1,product.color_img2 AS color_img2,product.p_introduce AS p_introduce,product.p_source AS p_source,procate.p_id AS p_id,procate.name AS p_name FROM jm_product product  JOIN jm_procate procate ON product.po_id=procate.ID  [ RunTime:0.0005s ]
INFO: [ view_parse ] --START--
INFO: [ template_filter ] --START--
INFO: Run Behavior\ContentReplaceBehavior [ RunTime:0.000128s ]
INFO: [ template_filter ] --END-- [ RunTime:0.000261s ]
INFO: Run Behavior\ParseTemplateBehavior [ RunTime:0.017108s ]
INFO: [ view_parse ] --END-- [ RunTime:0.017199s ]
INFO: [ view_filter ] --START--
INFO: Run Behavior\WriteHtmlCacheBehavior [ RunTime:0.000722s ]
INFO: [ view_filter ] --END-- [ RunTime:0.000799s ]
INFO: [ app_end ] --START--
INFO: Run Behavior\ShowPageTraceBehavior [ RunTime:0.000771s ]
INFO: [ app_end ] --END-- [ RunTime:0.000845s ]

[ 2016-11-04T17:19:42+08:00 ] 127.0.0.1 /jimson/index.php/Admin/Product/edit/id/9.html
INFO: [ app_init ] --START--
INFO: Run Behavior\BuildLiteBehavior [ RunTime:0.000049s ]
INFO: [ app_init ] --END-- [ RunTime:0.001034s ]
INFO: [ app_begin ] --START--
INFO: Run Behavior\ReadHtmlCacheBehavior [ RunTime:0.000874s ]
INFO: [ app_begin ] --END-- [ RunTime:0.000966s ]
SQL: SHOW COLUMNS FROM `jm_procate` [ RunTime:0.0054s ]
SQL: SHOW COLUMNS FROM `jm_procate` [ RunTime:0.0042s ]
SQL: SELECT * FROM `jm_procate` WHERE ( p_id=0 ) ORDER BY ID desc  [ RunTime:0.0005s ]
SQL: SHOW COLUMNS FROM `jm_product` [ RunTime:0.0046s ]
SQL: SELECT product.ID AS ID,product.po_id AS po_id,product.name AS name,product.img1 AS img1,product.img2 AS img2,product.img3 AS img3,product.pro_price AS pro_price,product.p_size AS p_size,product.p_color1 AS p_color1,product.p_color2 AS p_color2,product.color_img1 AS color_img1,product.color_img2 AS color_img2,product.p_introduce AS p_introduce,product.p_source AS p_source,procate.p_id AS p_id,procate.name AS p_name FROM jm_product product  JOIN jm_procate procate ON product.po_id=procate.ID WHERE ( product.ID=9 ) LIMIT 1   [ RunTime:0.0012s ]
INFO: [ view_parse ] --START--
INFO: [ template_filter ] --START--
INFO: Run Behavior\ContentReplaceBehavior [ RunTime:0.000145s ]
INFO: [ template_filter ] --END-- [ RunTime:0.000244s ]
NOTIC: [8] Undefined index: sendprice E:\wamp\www\Jimson\Application\Runtime\Cache\Admin\b3c4eeadefc336ccc37682b1e72f6690.php 第 104 行.
NOTIC: [8] Undefined index: pro_off E:\wamp\www\Jimson\Application\Runtime\Cache\Admin\b3c4eeadefc336ccc37682b1e72f6690.php 第 110 行.
INFO: Run Behavior\ParseTemplateBehavior [ RunTime:0.013934s ]
INFO: [ view_parse ] --END-- [ RunTime:0.014025s ]
INFO: [ view_filter ] --START--
INFO: Run Behavior\WriteHtmlCacheBehavior [ RunTime:0.000995s ]
INFO: [ view_filter ] --END-- [ RunTime:0.001082s ]
INFO: [ app_end ] --START--
INFO: Run Behavior\ShowPageTraceBehavior [ RunTime:0.001054s ]
INFO: [ app_end ] --END-- [ RunTime:0.001133s ]

[ 2016-11-04T17:19:42+08:00 ] 127.0.0.1 /jimson/index.php/Admin/Product/change_cate.html
INFO: [ app_init ] --START--
INFO: Run Behavior\BuildLiteBehavior [ RunTime:0.000027s ]
INFO: [ app_init ] --END-- [ RunTime:0.001268s ]
INFO: [ app_begin ] --START--
INFO: Run Behavior\ReadHtmlCacheBehavior [ RunTime:0.001751s ]
INFO: [ app_begin ] --END-- [ RunTime:0.001876s ]
SQL: SHOW COLUMNS FROM `jm_procate` [ RunTime:0.0057s ]
SQL: SHOW COLUMNS FROM `jm_procate` [ RunTime:0.0060s ]
SQL: SELECT * FROM `jm_procate` WHERE ( p_id=2 ) ORDER BY ID desc  [ RunTime:0.0005s ]
INFO: [ app_end ] --START--
INFO: Run Behavior\ShowPageTraceBehavior [ RunTime:0.001470s ]
INFO: [ app_end ] --END-- [ RunTime:0.001549s ]

[ 2016-11-04T17:19:47+08:00 ] 127.0.0.1 /jimson/index.php/Admin/Product/product.html
INFO: [ app_init ] --START--
INFO: Run Behavior\BuildLiteBehavior [ RunTime:0.000022s ]
INFO: [ app_init ] --END-- [ RunTime:0.000611s ]
INFO: [ app_begin ] --START--
INFO: Run Behavior\ReadHtmlCacheBehavior [ RunTime:0.001391s ]
INFO: [ app_begin ] --END-- [ RunTime:0.001528s ]
SQL: SHOW COLUMNS FROM `jm_product` [ RunTime:0.0045s ]
SQL: SELECT COUNT(*) AS tp_count FROM `jm_product` LIMIT 1   [ RunTime:0.0004s ]
SQL: SELECT * FROM `jm_product` ORDER BY ID desc LIMIT 0,2   [ RunTime:0.0004s ]
SQL: SHOW COLUMNS FROM `jm_procate` [ RunTime:0.0065s ]
SQL: SELECT product.ID AS ID,product.po_id AS po_id,product.name AS name,product.img1 AS img1,product.img2 AS img2,product.img3 AS img3,product.pro_price AS pro_price,product.p_size AS p_size,product.p_color1 AS p_color1,product.p_color2 AS p_color2,product.color_img1 AS color_img1,product.color_img2 AS color_img2,product.p_introduce AS p_introduce,product.p_source AS p_source,procate.p_id AS p_id,procate.name AS p_name FROM jm_product product  JOIN jm_procate procate ON product.po_id=procate.ID  [ RunTime:0.0011s ]
INFO: [ view_parse ] --START--
INFO: [ template_filter ] --START--
INFO: Run Behavior\ContentReplaceBehavior [ RunTime:0.000090s ]
INFO: [ template_filter ] --END-- [ RunTime:0.000207s ]
INFO: Run Behavior\ParseTemplateBehavior [ RunTime:0.016725s ]
INFO: [ view_parse ] --END-- [ RunTime:0.016828s ]
INFO: [ view_filter ] --START--
INFO: Run Behavior\WriteHtmlCacheBehavior [ RunTime:0.001582s ]
INFO: [ view_filter ] --END-- [ RunTime:0.001698s ]
INFO: [ app_end ] --START--
INFO: Run Behavior\ShowPageTraceBehavior [ RunTime:0.001961s ]
INFO: [ app_end ] --END-- [ RunTime:0.002110s ]

[ 2016-11-04T17:20:15+08:00 ] 127.0.0.1 /jimson/index.php/Admin/Product/product.html
INFO: [ app_init ] --START--
INFO: Run Behavior\BuildLiteBehavior [ RunTime:0.000025s ]
INFO: [ app_init ] --END-- [ RunTime:0.000546s ]
INFO: [ app_begin ] --START--
INFO: Run Behavior\ReadHtmlCacheBehavior [ RunTime:0.000670s ]
INFO: [ app_begin ] --END-- [ RunTime:0.000799s ]
SQL: SHOW COLUMNS FROM `jm_product` [ RunTime:0.0045s ]
SQL: SELECT COUNT(*) AS tp_count FROM `jm_product` LIMIT 1   [ RunTime:0.0012s ]
SQL: SELECT * FROM `jm_product` ORDER BY ID desc LIMIT 0,2   [ RunTime:0.0003s ]
SQL: SHOW COLUMNS FROM `jm_procate` [ RunTime:0.0087s ]
SQL: SELECT product.ID AS ID,product.po_id AS po_id,product.name AS name,product.img1 AS img1,product.img2 AS img2,product.img3 AS img3,product.pro_price AS pro_price,product.p_size AS p_size,product.p_color1 AS p_color1,product.p_color2 AS p_color2,product.color_img1 AS color_img1,product.color_img2 AS color_img2,product.p_introduce AS p_introduce,product.p_source AS p_source,procate.p_id AS p_id,procate.name AS p_name FROM jm_product product  JOIN jm_procate procate ON product.po_id=procate.ID  [ RunTime:0.0005s ]
INFO: [ view_parse ] --START--
INFO: [ template_filter ] --START--
INFO: Run Behavior\ContentReplaceBehavior [ RunTime:0.000083s ]
INFO: [ template_filter ] --END-- [ RunTime:0.000169s ]
INFO: Run Behavior\ParseTemplateBehavior [ RunTime:0.013876s ]
INFO: [ view_parse ] --END-- [ RunTime:0.013993s ]
INFO: [ view_filter ] --START--
INFO: Run Behavior\WriteHtmlCacheBehavior [ RunTime:0.000636s ]
INFO: [ view_filter ] --END-- [ RunTime:0.000707s ]
INFO: [ app_end ] --START--
INFO: Run Behavior\ShowPageTraceBehavior [ RunTime:0.000581s ]
INFO: [ app_end ] --END-- [ RunTime:0.000652s ]

[ 2016-11-04T17:20:26+08:00 ] 127.0.0.1 /jimson/index.php/Admin/Product/product.html
INFO: [ app_init ] --START--
INFO: Run Behavior\BuildLiteBehavior [ RunTime:0.000023s ]
INFO: [ app_init ] --END-- [ RunTime:0.000610s ]
INFO: [ app_begin ] --START--
INFO: Run Behavior\ReadHtmlCacheBehavior [ RunTime:0.001003s ]
INFO: [ app_begin ] --END-- [ RunTime:0.001145s ]
SQL: SHOW COLUMNS FROM `jm_product` [ RunTime:0.0052s ]
SQL: SELECT COUNT(*) AS tp_count FROM `jm_product` LIMIT 1   [ RunTime:0.0012s ]
SQL: SELECT * FROM `jm_product` ORDER BY ID desc LIMIT 0,2   [ RunTime:0.0010s ]
SQL: SHOW COLUMNS FROM `jm_procate` [ RunTime:0.0111s ]
SQL: SELECT product.ID AS ID,product.po_id AS po_id,product.name AS name,product.img1 AS img1,product.img2 AS img2,product.img3 AS img3,product.pro_price AS pro_price,product.p_size AS p_size,product.p_color1 AS p_color1,product.p_color2 AS p_color2,product.color_img1 AS color_img1,product.color_img2 AS color_img2,product.p_introduce AS p_introduce,product.p_source AS p_source,procate.p_id AS p_id,procate.name AS p_name FROM jm_product product  JOIN jm_procate procate ON product.po_id=procate.ID  [ RunTime:0.0058s ]
INFO: [ view_parse ] --START--
INFO: [ template_filter ] --START--
INFO: Run Behavior\ContentReplaceBehavior [ RunTime:0.000086s ]
INFO: [ template_filter ] --END-- [ RunTime:0.000175s ]
INFO: Run Behavior\ParseTemplateBehavior [ RunTime:0.014257s ]
INFO: [ view_parse ] --END-- [ RunTime:0.014376s ]
INFO: [ view_filter ] --START--
INFO: Run Behavior\WriteHtmlCacheBehavior [ RunTime:0.000860s ]
INFO: [ view_filter ] --END-- [ RunTime:0.000952s ]
INFO: [ app_end ] --START--
INFO: Run Behavior\ShowPageTraceBehavior [ RunTime:0.000886s ]
INFO: [ app_end ] --END-- [ RunTime:0.000971s ]

[ 2016-11-04T17:20:39+08:00 ] 127.0.0.1 /jimson/index.php/Admin/Product/edit/id/9.html
INFO: [ app_init ] --START--
INFO: Run Behavior\BuildLiteBehavior [ RunTime:0.000063s ]
INFO: [ app_init ] --END-- [ RunTime:0.001674s ]
INFO: [ app_begin ] --START--
INFO: Run Behavior\ReadHtmlCacheBehavior [ RunTime:0.003284s ]
INFO: [ app_begin ] --END-- [ RunTime:0.003534s ]
SQL: SHOW COLUMNS FROM `jm_procate` [ RunTime:0.0122s ]
SQL: SHOW COLUMNS FROM `jm_procate` [ RunTime:0.0043s ]
SQL: SELECT * FROM `jm_procate` WHERE ( p_id=0 ) ORDER BY ID desc  [ RunTime:0.0004s ]
SQL: SHOW COLUMNS FROM `jm_product` [ RunTime:0.0051s ]
SQL: SELECT product.ID AS ID,product.po_id AS po_id,product.name AS name,product.img1 AS img1,product.img2 AS img2,product.img3 AS img3,product.pro_price AS pro_price,product.p_size AS p_size,product.p_color1 AS p_color1,product.p_color2 AS p_color2,product.color_img1 AS color_img1,product.color_img2 AS color_img2,product.p_introduce AS p_introduce,product.p_source AS p_source,procate.p_id AS p_id,procate.name AS p_name FROM jm_product product  JOIN jm_procate procate ON product.po_id=procate.ID WHERE ( product.ID=9 ) LIMIT 1   [ RunTime:0.0005s ]
INFO: [ view_parse ] --START--
INFO: [ template_filter ] --START--
INFO: Run Behavior\ContentReplaceBehavior [ RunTime:0.000111s ]
INFO: [ template_filter ] --END-- [ RunTime:0.000199s ]
NOTIC: [8] Undefined index: sendprice E:\wamp\www\Jimson\Application\Runtime\Cache\Admin\b3c4eeadefc336ccc37682b1e72f6690.php 第 104 行.
NOTIC: [8] Undefined index: pro_off E:\wamp\www\Jimson\Application\Runtime\Cache\Admin\b3c4eeadefc336ccc37682b1e72f6690.php 第 110 行.
INFO: Run Behavior\ParseTemplateBehavior [ RunTime:0.013813s ]
INFO: [ view_parse ] --END-- [ RunTime:0.013900s ]
INFO: [ view_filter ] --START--
INFO: Run Behavior\WriteHtmlCacheBehavior [ RunTime:0.000759s ]
INFO: [ view_filter ] --END-- [ RunTime:0.000838s ]
INFO: [ app_end ] --START--
INFO: Run Behavior\ShowPageTraceBehavior [ RunTime:0.000616s ]
INFO: [ app_end ] --END-- [ RunTime:0.000688s ]

[ 2016-11-04T17:20:39+08:00 ] 127.0.0.1 /jimson/index.php/Admin/Product/change_cate.html
INFO: [ app_init ] --START--
INFO: Run Behavior\BuildLiteBehavior [ RunTime:0.000021s ]
INFO: [ app_init ] --END-- [ RunTime:0.000493s ]
INFO: [ app_begin ] --START--
INFO: Run Behavior\ReadHtmlCacheBehavior [ RunTime:0.000589s ]
INFO: [ app_begin ] --END-- [ RunTime:0.000681s ]
SQL: SHOW COLUMNS FROM `jm_procate` [ RunTime:0.0092s ]
SQL: SHOW COLUMNS FROM `jm_procate` [ RunTime:0.0042s ]
SQL: SELECT * FROM `jm_procate` WHERE ( p_id=2 ) ORDER BY ID desc  [ RunTime:0.0004s ]
INFO: [ app_end ] --START--
INFO: Run Behavior\ShowPageTraceBehavior [ RunTime:0.000713s ]
INFO: [ app_end ] --END-- [ RunTime:0.000777s ]

[ 2016-11-04T17:22:51+08:00 ] 127.0.0.1 /jimson/index.php/Admin/Product/product.html
INFO: [ app_init ] --START--
INFO: Run Behavior\BuildLiteBehavior [ RunTime:0.000038s ]
INFO: [ app_init ] --END-- [ RunTime:0.002527s ]
INFO: [ app_begin ] --START--
INFO: Run Behavior\ReadHtmlCacheBehavior [ RunTime:0.000942s ]
INFO: [ app_begin ] --END-- [ RunTime:0.001059s ]
SQL: SHOW COLUMNS FROM `jm_product` [ RunTime:0.0049s ]
SQL: SELECT COUNT(*) AS tp_count FROM `jm_product` LIMIT 1   [ RunTime:0.0004s ]
SQL: SELECT * FROM `jm_product` ORDER BY ID desc LIMIT 0,2   [ RunTime:0.0005s ]
SQL: SHOW COLUMNS FROM `jm_procate` [ RunTime:0.0061s ]
SQL: SELECT product.ID AS ID,product.po_id AS po_id,product.name AS name,product.img1 AS img1,product.img2 AS img2,product.img3 AS img3,product.pro_price AS pro_price,product.sendprice AS sendprice,product.pro_off AS pro_off,product.p_size AS p_size,product.p_color1 AS p_color1,product.p_color2 AS p_color2,product.color_img1 AS color_img1,product.color_img2 AS color_img2,product.p_introduce AS p_introduce,product.p_source AS p_source,procate.p_id AS p_id,procate.name AS p_name FROM jm_product product  JOIN jm_procate procate ON product.po_id=procate.ID  [ RunTime:0.0009s ]
INFO: [ view_parse ] --START--
INFO: [ template_filter ] --START--
INFO: Run Behavior\ContentReplaceBehavior [ RunTime:0.000086s ]
INFO: [ template_filter ] --END-- [ RunTime:0.000170s ]
INFO: Run Behavior\ParseTemplateBehavior [ RunTime:0.014739s ]
INFO: [ view_parse ] --END-- [ RunTime:0.014833s ]
INFO: [ view_filter ] --START--
INFO: Run Behavior\WriteHtmlCacheBehavior [ RunTime:0.000841s ]
INFO: [ view_filter ] --END-- [ RunTime:0.000921s ]
INFO: [ app_end ] --START--
INFO: Run Behavior\ShowPageTraceBehavior [ RunTime:0.001557s ]
INFO: [ app_end ] --END-- [ RunTime:0.001653s ]

[ 2016-11-04T17:22:52+08:00 ] 127.0.0.1 /jimson/index.php/Admin/Product/edit/id/9.html
INFO: [ app_init ] --START--
INFO: Run Behavior\BuildLiteBehavior [ RunTime:0.000021s ]
INFO: [ app_init ] --END-- [ RunTime:0.000563s ]
INFO: [ app_begin ] --START--
INFO: Run Behavior\ReadHtmlCacheBehavior [ RunTime:0.001349s ]
INFO: [ app_begin ] --END-- [ RunTime:0.001530s ]
SQL: SHOW COLUMNS FROM `jm_procate` [ RunTime:0.0040s ]
SQL: SHOW COLUMNS FROM `jm_procate` [ RunTime:0.0041s ]
SQL: SELECT * FROM `jm_procate` WHERE ( p_id=0 ) ORDER BY ID desc  [ RunTime:0.0004s ]
SQL: SHOW COLUMNS FROM `jm_product` [ RunTime:0.0089s ]
SQL: SELECT product.ID AS ID,product.po_id AS po_id,product.name AS name,product.img1 AS img1,product.img2 AS img2,product.img3 AS img3,product.pro_price AS pro_price,product.sendprice AS sendprice,product.pro_off AS pro_off,product.p_size AS p_size,product.p_color1 AS p_color1,product.p_color2 AS p_color2,product.color_img1 AS color_img1,product.color_img2 AS color_img2,product.p_introduce AS p_introduce,product.p_source AS p_source,procate.p_id AS p_id,procate.name AS p_name FROM jm_product product  JOIN jm_procate procate ON product.po_id=procate.ID WHERE ( product.ID=9 ) LIMIT 1   [ RunTime:0.0005s ]
INFO: [ view_parse ] --START--
INFO: [ template_filter ] --START--
INFO: Run Behavior\ContentReplaceBehavior [ RunTime:0.000120s ]
INFO: [ template_filter ] --END-- [ RunTime:0.000237s ]
INFO: Run Behavior\ParseTemplateBehavior [ RunTime:0.015339s ]
INFO: [ view_parse ] --END-- [ RunTime:0.015433s ]
INFO: [ view_filter ] --START--
INFO: Run Behavior\WriteHtmlCacheBehavior [ RunTime:0.000586s ]
INFO: [ view_filter ] --END-- [ RunTime:0.000661s ]
INFO: [ app_end ] --START--
INFO: Run Behavior\ShowPageTraceBehavior [ RunTime:0.000830s ]
INFO: [ app_end ] --END-- [ RunTime:0.000939s ]

[ 2016-11-04T17:22:53+08:00 ] 127.0.0.1 /jimson/index.php/Admin/Product/change_cate.html
INFO: [ app_init ] --START--
INFO: Run Behavior\BuildLiteBehavior [ RunTime:0.000022s ]
INFO: [ app_init ] --END-- [ RunTime:0.000481s ]
INFO: [ app_begin ] --START--
INFO: Run Behavior\ReadHtmlCacheBehavior [ RunTime:0.000705s ]
INFO: [ app_begin ] --END-- [ RunTime:0.000813s ]
SQL: SHOW COLUMNS FROM `jm_procate` [ RunTime:0.0044s ]
SQL: SHOW COLUMNS FROM `jm_procate` [ RunTime:0.0060s ]
SQL: SELECT * FROM `jm_procate` WHERE ( p_id=2 ) ORDER BY ID desc  [ RunTime:0.0024s ]
INFO: [ app_end ] --START--
INFO: Run Behavior\ShowPageTraceBehavior [ RunTime:0.000789s ]
INFO: [ app_end ] --END-- [ RunTime:0.000868s ]

[ 2016-11-04T17:23:00+08:00 ] 127.0.0.1 /jimson/index.php/Admin/Product/edit.html
INFO: [ app_init ] --START--
INFO: Run Behavior\BuildLiteBehavior [ RunTime:0.000025s ]
INFO: [ app_init ] --END-- [ RunTime:0.000510s ]
INFO: [ app_begin ] --START--
INFO: Run Behavior\ReadHtmlCacheBehavior [ RunTime:0.001015s ]
INFO: [ app_begin ] --END-- [ RunTime:0.001280s ]
SQL: SHOW COLUMNS FROM `jm_product` [ RunTime:0.0053s ]
NOTIC: [8] Undefined index: validate E:\wamp\www\Jimson\ThinkPHP\Library\Think\Model.class.php 第 1185 行.
NOTIC: [8] Undefined index: auto E:\wamp\www\Jimson\ThinkPHP\Library\Think\Model.class.php 第 1128 行.
SQL: UPDATE `jm_product` SET `p_size`='1,3',`name`='132',`img1`='/Jimson/Application/Common/Common/images/image/20161104/20161104171537_78694.jpeg',`img2`='',`img3`='',`pro_price`='12',`p_color1`='132',`p_color2`='123',`color_img1`='/Jimson/Application/Common/Common/images/image/20161104/20161104171554_68666.jpeg',`color_img2`='/Jimson/Application/Common/Common/images/image/20161104/20161104171601_71108.jpg',`p_introduce`='123',`p_source`='44525',`po_id`='5' WHERE ( ID=9 ) [ RunTime:0.0648s ]
INFO: [ view_parse ] --START--
INFO: [ template_filter ] --START--
INFO: Run Behavior\ContentReplaceBehavior [ RunTime:0.000133s ]
INFO: [ template_filter ] --END-- [ RunTime:0.000296s ]
INFO: Run Behavior\ParseTemplateBehavior [ RunTime:0.008864s ]
INFO: [ view_parse ] --END-- [ RunTime:0.008991s ]
INFO: [ view_filter ] --START--
INFO: Run Behavior\WriteHtmlCacheBehavior [ RunTime:0.000367s ]
INFO: [ view_filter ] --END-- [ RunTime:0.000444s ]
INFO: [ app_end ] --START--
INFO: Run Behavior\ShowPageTraceBehavior [ RunTime:0.000626s ]
INFO: [ app_end ] --END-- [ RunTime:0.000703s ]

[ 2016-11-04T17:23:01+08:00 ] 127.0.0.1 /jimson/index.php/Admin/Product/product.html
INFO: [ app_init ] --START--
INFO: Run Behavior\BuildLiteBehavior [ RunTime:0.000030s ]
INFO: [ app_init ] --END-- [ RunTime:0.000521s ]
INFO: [ app_begin ] --START--
INFO: Run Behavior\ReadHtmlCacheBehavior [ RunTime:0.000796s ]
INFO: [ app_begin ] --END-- [ RunTime:0.000899s ]
SQL: SHOW COLUMNS FROM `jm_product` [ RunTime:0.0079s ]
SQL: SELECT COUNT(*) AS tp_count FROM `jm_product` LIMIT 1   [ RunTime:0.0006s ]
SQL: SELECT * FROM `jm_product` ORDER BY ID desc LIMIT 0,2   [ RunTime:0.0003s ]
SQL: SHOW COLUMNS FROM `jm_procate` [ RunTime:0.0050s ]
SQL: SELECT product.ID AS ID,product.po_id AS po_id,product.name AS name,product.img1 AS img1,product.img2 AS img2,product.img3 AS img3,product.pro_price AS pro_price,product.sendprice AS sendprice,product.pro_off AS pro_off,product.p_size AS p_size,product.p_color1 AS p_color1,product.p_color2 AS p_color2,product.color_img1 AS color_img1,product.color_img2 AS color_img2,product.p_introduce AS p_introduce,product.p_source AS p_source,procate.p_id AS p_id,procate.name AS p_name FROM jm_product product  JOIN jm_procate procate ON product.po_id=procate.ID  [ RunTime:0.0008s ]
INFO: [ view_parse ] --START--
INFO: [ template_filter ] --START--
INFO: Run Behavior\ContentReplaceBehavior [ RunTime:0.000086s ]
INFO: [ template_filter ] --END-- [ RunTime:0.000172s ]
INFO: Run Behavior\ParseTemplateBehavior [ RunTime:0.013218s ]
INFO: [ view_parse ] --END-- [ RunTime:0.013316s ]
INFO: [ view_filter ] --START--
INFO: Run Behavior\WriteHtmlCacheBehavior [ RunTime:0.000504s ]
INFO: [ view_filter ] --END-- [ RunTime:0.000578s ]
INFO: [ app_end ] --START--
INFO: Run Behavior\ShowPageTraceBehavior [ RunTime:0.001779s ]
INFO: [ app_end ] --END-- [ RunTime:0.001904s ]

[ 2016-11-04T17:23:05+08:00 ] 127.0.0.1 /jimson/index.php/Admin/Product/del.html
INFO: [ app_init ] --START--
INFO: Run Behavior\BuildLiteBehavior [ RunTime:0.000027s ]
INFO: [ app_init ] --END-- [ RunTime:0.000780s ]
INFO: [ app_begin ] --START--
INFO: Run Behavior\ReadHtmlCacheBehavior [ RunTime:0.001236s ]
INFO: [ app_begin ] --END-- [ RunTime:0.001365s ]
SQL: SHOW COLUMNS FROM `jm_product` [ RunTime:0.0047s ]
SQL: DELETE FROM `jm_product` WHERE ( ID=9 ) [ RunTime:0.0630s ]
INFO: [ app_end ] --START--
INFO: Run Behavior\ShowPageTraceBehavior [ RunTime:0.001217s ]
INFO: [ app_end ] --END-- [ RunTime:0.001310s ]

[ 2016-11-04T17:23:06+08:00 ] 127.0.0.1 /jimson/index.php/Admin/Product/product.html
INFO: [ app_init ] --START--
INFO: Run Behavior\BuildLiteBehavior [ RunTime:0.000031s ]
INFO: [ app_init ] --END-- [ RunTime:0.000730s ]
INFO: [ app_begin ] --START--
INFO: Run Behavior\ReadHtmlCacheBehavior [ RunTime:0.000891s ]
INFO: [ app_begin ] --END-- [ RunTime:0.001014s ]
SQL: SHOW COLUMNS FROM `jm_product` [ RunTime:0.0079s ]
SQL: SELECT COUNT(*) AS tp_count FROM `jm_product` LIMIT 1   [ RunTime:0.0008s ]
SQL: SELECT * FROM `jm_product` ORDER BY ID desc LIMIT 0,2   [ RunTime:0.0006s ]
SQL: SHOW COLUMNS FROM `jm_procate` [ RunTime:0.0046s ]
SQL: SELECT product.ID AS ID,product.po_id AS po_id,product.name AS name,product.img1 AS img1,product.img2 AS img2,product.img3 AS img3,product.pro_price AS pro_price,product.sendprice AS sendprice,product.pro_off AS pro_off,product.p_size AS p_size,product.p_color1 AS p_color1,product.p_color2 AS p_color2,product.color_img1 AS color_img1,product.color_img2 AS color_img2,product.p_introduce AS p_introduce,product.p_source AS p_source,procate.p_id AS p_id,procate.name AS p_name FROM jm_product product  JOIN jm_procate procate ON product.po_id=procate.ID  [ RunTime:0.0007s ]
INFO: [ view_parse ] --START--
INFO: [ template_filter ] --START--
INFO: Run Behavior\ContentReplaceBehavior [ RunTime:0.000093s ]
INFO: [ template_filter ] --END-- [ RunTime:0.000185s ]
INFO: Run Behavior\ParseTemplateBehavior [ RunTime:0.015447s ]
INFO: [ view_parse ] --END-- [ RunTime:0.015544s ]
INFO: [ view_filter ] --START--
INFO: Run Behavior\WriteHtmlCacheBehavior [ RunTime:0.001056s ]
INFO: [ view_filter ] --END-- [ RunTime:0.001143s ]
INFO: [ app_end ] --START--
INFO: Run Behavior\ShowPageTraceBehavior [ RunTime:0.001144s ]
INFO: [ app_end ] --END-- [ RunTime:0.001287s ]

